TN:
SF:index.js
FN:9,(anonymous_0)
FNF:1
FNH:1
FNDA:4,(anonymous_0)
DA:3,4
DA:4,4
DA:5,4
DA:6,4
DA:7,4
DA:9,4
DA:10,4
DA:23,4
DA:24,4
DA:25,4
DA:27,4
DA:28,4
DA:31,4
DA:34,4
DA:35,0
DA:38,4
DA:39,4
DA:41,4
LF:18
LH:17
BRDA:34,0,0,0
BRDA:34,0,1,4
BRF:2
BRH:1
end_of_record
TN:
SF:lib/agent.js
FN:3,setupAgent
FN:4,findById
FN:7,createOrUpdate
FNF:3
FNH:3
FNDA:4,setupAgent
FNDA:1,findById
FNDA:1,createOrUpdate
DA:3,1
DA:5,1
DA:8,1
DA:14,1
DA:16,1
DA:17,1
DA:18,1
DA:19,1
DA:21,0
DA:24,0
DA:25,0
DA:27,4
LF:12
LH:9
BRDA:16,0,0,1
BRDA:16,0,1,0
BRDA:18,1,0,1
BRDA:18,1,1,0
BRF:4
BRH:2
end_of_record
TN:
SF:lib/db.js
FN:8,setupDatabase
FNF:1
FNH:1
FNDA:4,setupDatabase
DA:3,1
DA:4,1
DA:8,1
DA:9,4
DA:10,1
DA:12,4
LF:6
LH:6
BRDA:9,0,0,1
BRDA:9,0,1,3
BRF:2
BRH:2
end_of_record
TN:
SF:models/agent.js
FN:6,setupAgentModel
FNF:1
FNH:0
FNDA:0,setupAgentModel
DA:3,1
DA:4,1
DA:6,1
DA:7,0
DA:9,0
DA:36,0
LF:6
LH:3
BRF:0
BRH:0
end_of_record
TN:
SF:models/metric.js
FN:6,setupMetricModel
FNF:1
FNH:0
FNDA:0,setupMetricModel
DA:3,1
DA:4,1
DA:6,1
DA:7,0
DA:9,0
DA:19,0
LF:6
LH:3
BRF:0
BRH:0
end_of_record
