TN:
SF:index.js
FN:10,(anonymous_0)
FNF:1
FNH:1
FNDA:9,(anonymous_0)
DA:3,9
DA:4,9
DA:5,9
DA:6,9
DA:7,9
DA:8,9
DA:10,9
DA:11,9
DA:24,9
DA:25,9
DA:26,9
DA:28,9
DA:29,9
DA:32,9
DA:35,9
DA:36,0
DA:39,9
DA:40,9
DA:42,9
LF:19
LH:18
BRDA:35,0,0,0
BRDA:35,0,1,9
BRF:2
BRH:1
end_of_record
TN:
SF:lib/agent.js
FN:3,setupAgent
FN:4,findById
FN:7,createOrUpdate
FN:27,findByUuid
FN:35,findAll
FN:39,findConnected
FN:47,findByUsername
FNF:7
FNH:7
FNDA:9,setupAgent
FNDA:1,findById
FNDA:2,createOrUpdate
FNDA:1,findByUuid
FNDA:1,findAll
FNDA:1,findConnected
FNDA:1,findByUsername
DA:3,1
DA:5,1
DA:8,2
DA:14,2
DA:16,2
DA:17,1
DA:18,1
DA:19,1
DA:21,0
DA:24,1
DA:25,1
DA:28,1
DA:36,1
DA:40,1
DA:48,1
DA:56,9
LF:16
LH:15
BRDA:16,0,0,1
BRDA:16,0,1,1
BRDA:18,1,0,1
BRDA:18,1,1,0
BRF:4
BRH:3
end_of_record
TN:
SF:lib/db.js
FN:8,setupDatabase
FNF:1
FNH:1
FNDA:9,setupDatabase
DA:3,1
DA:4,1
DA:8,1
DA:9,9
DA:10,1
DA:12,9
LF:6
LH:6
BRDA:9,0,0,1
BRDA:9,0,1,8
BRF:2
BRH:2
end_of_record
TN:
SF:lib/metric.js
FN:3,setupMetric
FN:4,findByAgentUuid
FN:22,create
FN:35,findByTypeAgentUid
FNF:4
FNH:1
FNDA:9,setupMetric
FNDA:0,findByAgentUuid
FNDA:0,create
FNDA:0,findByTypeAgentUid
DA:3,1
DA:5,0
DA:19,0
DA:23,0
DA:27,0
DA:29,0
DA:30,0
DA:31,0
DA:36,0
DA:54,0
DA:56,9
LF:11
LH:2
BRDA:27,0,0,0
BRDA:27,0,1,0
BRF:2
BRH:0
end_of_record
TN:
SF:models/agent.js
FN:6,setupAgentModel
FNF:1
FNH:0
FNDA:0,setupAgentModel
DA:3,1
DA:4,1
DA:6,1
DA:7,0
DA:9,0
DA:36,0
LF:6
LH:3
BRF:0
BRH:0
end_of_record
TN:
SF:models/metric.js
FN:6,setupMetricModel
FNF:1
FNH:0
FNDA:0,setupMetricModel
DA:3,1
DA:4,1
DA:6,1
DA:7,0
DA:9,0
DA:19,0
LF:6
LH:3
BRF:0
BRH:0
end_of_record
TN:
SF:utils/extend.js
FN:1,extend
FNF:1
FNH:1
FNDA:3,extend
DA:2,3
DA:3,3
DA:6,1
LF:3
LH:3
BRF:0
BRH:0
end_of_record
